0 info it worked if it ends with ok
1 verbose cli [ '/home/sly/.nvm/versions/node/v0.12.0/bin/node',
1 verbose cli   '/home/sly/.nvm/versions/node/v0.12.0/bin/npm',
1 verbose cli   'publish' ]
2 info using npm@2.5.1
3 info using node@v0.12.0
4 verbose publish [ '.' ]
5 silly cache add args [ '.', null ]
6 verbose cache add spec .
7 silly cache add parsed spec { raw: '.',
7 silly cache add   scope: null,
7 silly cache add   name: null,
7 silly cache add   rawSpec: '.',
7 silly cache add   spec: '/home/sly/Desktop/nodeStudy/censorify',
7 silly cache add   type: 'directory' }
8 verbose addLocalDirectory /home/sly/.npm/censorify/1.0.0/package.tgz not in flight; packing
9 verbose tar pack [ '/home/sly/.npm/censorify/1.0.0/package.tgz',
9 verbose tar pack   '/home/sly/Desktop/nodeStudy/censorify' ]
10 verbose tarball /home/sly/.npm/censorify/1.0.0/package.tgz
11 verbose folder /home/sly/Desktop/nodeStudy/censorify
12 info prepublish censorify@1.0.0
13 verbose addLocalTarball adding from inside cache /home/sly/.npm/censorify/1.0.0/package.tgz
14 silly cache afterAdd censorify@1.0.0
15 verbose afterAdd /home/sly/.npm/censorify/1.0.0/package/package.json not in flight; writing
16 verbose afterAdd /home/sly/.npm/censorify/1.0.0/package/package.json written
17 silly publish { name: 'censorify',
17 silly publish   version: '1.0.0',
17 silly publish   description: '',
17 silly publish   main: 'censortext.js',
17 silly publish   scripts: { test: 'echo "Error: no test specified" && exit 1' },
17 silly publish   repository:
17 silly publish    { type: 'git',
17 silly publish      url: 'https://github.com/shly/nodeStudy/tree/master/censorify' },
17 silly publish   keywords: [ 'censor', 'word' ],
17 silly publish   author: { name: 'shly' },
17 silly publish   license: 'ISC',
17 silly publish   readme: 'ERROR: No README data found!',
17 silly publish   _id: 'censorify@1.0.0',
17 silly publish   _shasum: '677ea7b65b8de508b14b9a9af4a50544c9ef8df7',
17 silly publish   _from: '.' }
18 silly mapToRegistry name censorify
19 silly mapToRegistry using default registry
20 silly mapToRegistry registry https://registry.npmjs.org/
21 silly mapToRegistry uri https://registry.npmjs.org/censorify
22 verbose publish registryBase https://registry.npmjs.org/
23 silly publish uploading /home/sly/.npm/censorify/1.0.0/package.tgz
24 verbose request uri https://registry.npmjs.org/censorify
25 verbose request sending authorization for write operation
26 info attempt registry request try #1 at 7:51:24 AM
27 verbose request using bearer token for auth
28 verbose request id e327de9c1bcce6c7
29 http request PUT https://registry.npmjs.org/censorify
30 http 403 https://registry.npmjs.org/censorify
31 verbose headers { 'content-type': 'application/json',
31 verbose headers   'cache-control': 'max-age=300',
31 verbose headers   'content-length': '101',
31 verbose headers   'accept-ranges': 'bytes',
31 verbose headers   date: 'Mon, 14 Dec 2015 07:51:59 GMT',
31 verbose headers   via: '1.1 varnish',
31 verbose headers   connection: 'keep-alive',
31 verbose headers   'x-served-by': 'cache-lax1425-LAX',
31 verbose headers   'x-cache': 'MISS',
31 verbose headers   'x-cache-hits': '0',
31 verbose headers   'x-timer': 'S1450079519.709470,VS0,VE235' }
32 verbose request invalidating /home/sly/.npm/registry.npmjs.org/censorify on PUT
33 error publish Failed PUT 403
34 verbose stack Error: You do not have permission to publish 'censorify'. Are you logged in as the correct user? : censorify
34 verbose stack     at CachingRegistryClient.<anonymous> (/home/sly/.nvm/versions/node/v0.12.0/lib/node_modules/npm/node_modules/npm-registry-client/lib/request.js:254:14)
34 verbose stack     at Request._callback (/home/sly/.nvm/versions/node/v0.12.0/lib/node_modules/npm/node_modules/npm-registry-client/lib/request.js:178:14)
34 verbose stack     at Request.self.callback (/home/sly/.nvm/versions/node/v0.12.0/lib/node_modules/npm/node_modules/request/request.js:344:22)
34 verbose stack     at Request.emit (events.js:110:17)
34 verbose stack     at Request.<anonymous> (/home/sly/.nvm/versions/node/v0.12.0/lib/node_modules/npm/node_modules/request/request.js:1239:14)
34 verbose stack     at Request.emit (events.js:129:20)
34 verbose stack     at IncomingMessage.<anonymous> (/home/sly/.nvm/versions/node/v0.12.0/lib/node_modules/npm/node_modules/request/request.js:1187:12)
34 verbose stack     at IncomingMessage.emit (events.js:129:20)
34 verbose stack     at _stream_readable.js:908:16
34 verbose stack     at process._tickCallback (node.js:355:11)
35 verbose statusCode 403
36 verbose pkgid censorify
37 verbose cwd /home/sly/Desktop/nodeStudy/censorify
38 error Linux 2.6.32-431.el6.x86_64
39 error argv "/home/sly/.nvm/versions/node/v0.12.0/bin/node" "/home/sly/.nvm/versions/node/v0.12.0/bin/npm" "publish"
40 error node v0.12.0
41 error npm  v2.5.1
42 error code E403
43 error You do not have permission to publish 'censorify'. Are you logged in as the correct user? : censorify
44 error If you need help, you may report this error at:
44 error     <http://github.com/npm/npm/issues>
45 verbose exit [ 1, true ]
